AndroidRobot/proguard/seeds.txt
android.support.v7.internal.widget.SpinnerCompat$SavedState
android.support.v7.internal.widget.SpinnerCompat$SavedState: android.os.Parcelable$Creator CREATOR
android.support.v7.internal.widget.TintCheckBox: void setButtonDrawable(int)
android.support.v7.internal.widget.TintCheckedTextView: void setCheckMarkDrawable(int)
android.support.v7.internal.widget.TintImageView
android.support.v7.internal.widget.TintImageView: TintImageView(android.content.Context)
android.support.v7.internal.widget.TintImageView: TintImageView(android.content.Context,android.util.AttributeSet)
android.support.v7.internal.widget.TintImageView: TintImageView(android.content.Context,android.util.AttributeSet,int)
android.support.v7.internal.widget.TintImageView: void setImageResource(int)
android.support.v7.internal.widget.TintRadioButton: void setButtonDrawable(int)
android.support.v7.internal.widget.ToolbarWidgetWrapper$1: void onClick(android.view.View)
android.support.v7.internal.widget.ViewStubCompat
android.support.v7.internal.widget.ViewStubCompat: ViewStubCompat(android.content.Context,android.util.AttributeSet)
android.support.v7.internal.widget.ViewStubCompat: ViewStubCompat(android.content.Context,android.util.AttributeSet,int)
android.support.v7.internal.widget.ViewStubCompat: int getInflatedId()
android.support.v7.internal.widget.ViewStubCompat: void setInflatedId(int)
android.support.v7.internal.widget.ViewStubCompat: int getLayoutResource()
android.support.v7.internal.widget.ViewStubCompat: void setLayoutResource(int)
android.support.v7.internal.widget.ViewStubCompat: void setLayoutInflater(android.view.LayoutInflater)
android.support.v7.internal.widget.ViewStubCompat: android.view.LayoutInflater getLayoutInflater()
android.support.v7.internal.widget.ViewStubCompat: void setVisibility(int)
android.support.v7.internal.widget.ViewStubCompat: void setOnInflateListener(android.support.v7.internal.widget.ViewStubCompat$OnInflateListener)
android.support.v7.widget.ActionMenuPresenter
android.support.v7.widget.ActionMenuPresenter$SavedState
android.support.v7.widget.ActionMenuPresenter$SavedState: android.os.Parcelable$Creator CREATOR
android.support.v7.widget.ActionMenuView
android.support.v7.widget.ActionMenuView: ActionMenuView(android.content.Context)
android.support.v7.widget.ActionMenuView: ActionMenuView(android.content.Context,android.util.AttributeSet)
android.support.v7.widget.ActionMenuView: void setPopupTheme(int)
android.support.v7.widget.ActionMenuView: int getPopupTheme()
android.support.v7.widget.ActionMenuView: void setPresenter(android.support.v7.widget.ActionMenuPresenter)
android.support.v7.widget.ActionMenuView: void setOnMenuItemClickListener(android.support.v7.widget.ActionMenuView$OnMenuItemClickListener)
android.support.v7.widget.ActionMenuView: void setOverflowReserved(boolean)
android.support.v7.widget.ActionMenuView: int getWindowAnimations()
android.support.v7.widget.ActionMenuView: android.view.Menu getMenu()
android.support.v7.widget.ActionMenuView: void setExpandedActionViewsExclusive(boolean)