AndroidRobot/proguard/mapping.txt
com.nostra13.universalimageloader.cache.memory.impl.LruMemoryCache -> com.nostra13.universalimageloader.cache.memory.impl.LruMemoryCache:
    java.util.LinkedHashMap map -> map
    int maxSize -> maxSize
    int size -> size
    android.graphics.Bitmap get(java.lang.String) -> get
    boolean put(java.lang.String,android.graphics.Bitmap) -> put
    void trimToSize(int) -> trimToSize
    void remove(java.lang.String) -> remove
    java.util.Collection keys() -> keys
    void clear() -> clear
    int sizeOf(java.lang.String,android.graphics.Bitmap) -> sizeOf
    java.lang.String toString() -> toString
    void remove(java.lang.Object) -> remove
    java.lang.Object get(java.lang.Object) -> get
    boolean put(java.lang.Object,java.lang.Object) -> put
com.nostra13.universalimageloader.cache.memory.impl.UsingFreqLimitedMemoryCache -> com.nostra13.universalimageloader.cache.memory.impl.UsingFreqLimitedMemoryCache:
    java.util.Map usingCounts -> usingCounts
    boolean put(java.lang.String,android.graphics.Bitmap) -> put
    android.graphics.Bitmap get(java.lang.String) -> get
    void remove(java.lang.String) -> remove
    void clear() -> clear
    int getSize(android.graphics.Bitmap) -> getSize
    android.graphics.Bitmap removeNext() -> removeNext
    java.lang.ref.Reference createReference(android.graphics.Bitmap) -> createReference
    void remove(java.lang.Object) -> remove
    java.lang.Object get(java.lang.Object) -> get
    boolean put(java.lang.Object,java.lang.Object) -> put
com.nostra13.universalimageloader.cache.memory.impl.WeakMemoryCache -> com.nostra13.universalimageloader.cache.memory.impl.WeakMemoryCache:
    java.lang.ref.Reference createReference(android.graphics.Bitmap) -> createReference
com.nostra13.universalimageloader.core.DefaultConfigurationFactory -> com.nostra13.universalimageloader.core.DefaultConfigurationFactory:
    java.util.concurrent.Executor createExecutor(int,int,com.nostra13.universalimageloader.core.assist.QueueProcessingType) -> createExecutor
    java.util.concurrent.Executor createTaskDistributor() -> createTaskDistributor
    com.nostra13.universalimageloader.cache.disc.naming.FileNameGenerator createFileNameGenerator() -> createFileNameGenerator
    com.nostra13.universalimageloader.cache.disc.DiskCache createDiskCache(android.content.Context,com.nostra13.universalimageloader.cache.disc.naming.FileNameGenerator,long,int) -> createDiskCache
    java.io.File createReserveDiskCacheDir(android.content.Context) -> createReserveDiskCacheDir
    com.nostra13.universalimageloader.cache.memory.MemoryCache createMemoryCache(int) -> createMemoryCache
    com.nostra13.universalimageloader.core.download.ImageDownloader createImageDownloader(android.content.Context) -> createImageDownloader
    com.nostra13.universalimageloader.core.decode.ImageDecoder createImageDecoder(boolean) -> createImageDecoder
    com.nostra13.universalimageloader.core.display.BitmapDisplayer createBitmapDisplayer() -> createBitmapDisplayer
    java.util.concurrent.ThreadFactory createThreadFactory(int,java.lang.String) -> createThreadFactory
com.nostra13.universalimageloader.core.DefaultConfigurationFactory$DefaultThreadFactory -> com.nostra13.universalimageloader.core.DefaultConfigurationFactory$DefaultThreadFactory:
    java.util.concurrent.atomic.AtomicInteger poolNumber -> poolNumber
    java.lang.ThreadGroup group -> group
    java.util.concurrent.atomic.AtomicInteger threadNumber -> threadNumber
    java.lang.String namePrefix -> namePrefix
    int threadPriority -> threadPriority
    java.lang.Thread newThread(java.lang.Runnable) -> newThread