AndroidRobot/proguard/usage.txt
android.support.v4.widget.CircleImageView
android.support.v4.widget.CircleImageView$OvalShadow
android.support.v4.widget.ContentLoadingProgressBar
android.support.v4.widget.ContentLoadingProgressBar$1
android.support.v4.widget.ContentLoadingProgressBar$2
android.support.v4.widget.CursorAdapter:
    public static final int FLAG_AUTO_REQUERY
    public static final int FLAG_REGISTER_CONTENT_OBSERVER
    121:123:public CursorAdapter(android.content.Context,android.database.Cursor)
    150:152:public CursorAdapter(android.content.Context,android.database.Cursor,int)
    160:161:protected void init(android.content.Context,android.database.Cursor,boolean)
    420:420:public android.widget.FilterQueryProvider getFilterQueryProvider()
    436:437:public void setFilterQueryProvider(android.widget.FilterQueryProvider)
android.support.v4.widget.DrawerLayout:
    private static final java.lang.String TAG
    public static final int STATE_IDLE
    public static final int STATE_DRAGGING
    public static final int STATE_SETTLING
    public static final int LOCK_MODE_UNLOCKED
    public static final int LOCK_MODE_LOCKED_CLOSED
    public static final int LOCK_MODE_LOCKED_OPEN
    private static final int MIN_DRAWER_MARGIN
    private static final int DEFAULT_SCRIM_COLOR
    private static final int PEEK_DELAY
    private static final int MIN_FLING_VELOCITY
    private static final boolean ALLOW_EDGE_LOCK
    private static final boolean CHILDREN_DISALLOW_INTERCEPT
    private static final float TOUCH_SLOP_SENSITIVITY
    private java.lang.CharSequence mTitleLeft
    private java.lang.CharSequence mTitleRight
    314:315:public DrawerLayout(android.content.Context)
    318:319:public DrawerLayout(android.content.Context,android.util.AttributeSet)
    322:352:public DrawerLayout(android.content.Context,android.util.AttributeSet,int)
    360:364:public void setChildInsets(java.lang.Object,boolean)
    380:390:public void setDrawerShadow(android.graphics.drawable.Drawable,int)
    400:401:public void setDrawerShadow(int,int)
    509:515:public void setDrawerLockMode(int,android.view.View)
    526:533:public int getDrawerLockMode(int)
    565:572:public void setDrawerTitle(int,java.lang.CharSequence)
    584:591:public java.lang.CharSequence getDrawerTitle(int)
android.support.v4.widget.DrawerLayout$AccessibilityDelegate
android.support.v4.widget.DrawerLayout$ChildAccessibilityDelegate:
    final synthetic android.support.v4.widget.DrawerLayout this$0
    1909:1909:DrawerLayout$ChildAccessibilityDelegate(android.support.v4.widget.DrawerLayout)
    1913:1921:public void onInitializeAccessibilityNodeInfo(android.view.View,android.support.v4.view.accessibility.AccessibilityNodeInfoCompat)
android.support.v4.widget.DrawerLayout$DrawerLayoutCompatImpl:
    public abstract void configureApplyInsets(android.view.View)
android.support.v4.widget.DrawerLayout$DrawerLayoutCompatImplApi21:
    286:287:public void configureApplyInsets(android.view.View)
android.support.v4.widget.DrawerLayout$DrawerLayoutCompatImplBase:
    269:269:public void configureApplyInsets(android.view.View)
android.support.v4.widget.DrawerLayout$EdgeGravity
android.support.v4.widget.DrawerLayout$LayoutParams:
    1781:1783:public DrawerLayout$LayoutParams(int,int,int)
android.support.v4.widget.DrawerLayout$LockMode
android.support.v4.widget.DrawerLayout$SimpleDrawerListener:
    244:244:public void onDrawerSlide(android.view.View,float)
    248:248:public void onDrawerOpened(android.view.View)
    252:252:public void onDrawerClosed(android.view.View)
    256:256:public void onDrawerStateChanged(int)
android.support.v4.widget.DrawerLayout$State